[0.012s] Invoking command in '/home/collapsar/ws/build/example': CMAKE_PREFIX_PATH=/opt/ros/humble /usr/bin/cmake --build /home/collapsar/ws/build/example -- -j32 -l32
[0.063s] -- Found ament_cmake: 1.3.11 (/opt/ros/humble/share/ament_cmake/cmake)
[0.160s] -- Found rclcpp: 16.0.11 (/opt/ros/humble/share/rclcpp/cmake)
[0.382s] -- Found rosidl_generator_c: 3.1.6 (/opt/ros/humble/share/rosidl_generator_c/cmake)
[0.386s] -- Found rosidl_adapter: 3.1.6 (/opt/ros/humble/share/rosidl_adapter/cmake)
[0.393s] -- Found rosidl_generator_cpp: 3.1.6 (/opt/ros/humble/share/rosidl_generator_cpp/cmake)
[0.405s] -- Using all available rosidl_typesupport_c: rosidl_typesupport_fastrtps_c;rosidl_typesupport_introspection_c
[0.419s] -- Using all available rosidl_typesupport_cpp: rosidl_typesupport_fastrtps_cpp;rosidl_typesupport_introspection_cpp
[0.461s] -- Found rmw_implementation_cmake: 6.1.2 (/opt/ros/humble/share/rmw_implementation_cmake/cmake)
[0.464s] -- Found rmw_fastrtps_cpp: 6.2.7 (/opt/ros/humble/share/rmw_fastrtps_cpp/cmake)
[6.446s] -- Using RMW implementation 'rmw_fastrtps_cpp' as default
[6.501s] -- Found ament_lint_auto: 0.12.11 (/opt/ros/humble/share/ament_lint_auto/cmake)
[6.551s] -- Added test 'cppcheck' to perform static code analysis on C / C++ code
[6.551s] -- Configured cppcheck include dirs: /home/collapsar/ws/src/example/include
[6.551s] -- Configured cppcheck exclude dirs and/or files: 
[6.551s] -- Added test 'lint_cmake' to check CMake code style
[6.552s] -- Added test 'uncrustify' to check C / C++ code style
[6.552s] -- Configured uncrustify additional arguments: 
[6.552s] -- Added test 'xmllint' to check XML markup files
[6.554s] -- Configuring done
[6.566s] -- Generating done
[6.569s] -- Build files have been written to: /home/collapsar/ws/build/example
[6.589s] [35m[1mConsolidate compiler generated dependencies of target talker_listener[0m
[6.596s] [ 50%] [32mBuilding CXX object CMakeFiles/talker_listener.dir/src/talker_listener.cpp.o[0m
[6.686s] [01m[K/home/collapsar/ws/src/example/src/talker_listener.cpp:2:10:[m[K [01;31m[Kfatal error: [m[Kexample/topic/talker.hpp: No such file or directory
[6.686s]     2 | #include [01;31m[K"example/topic/talker.hpp"[m[K
[6.687s]       |          [01;31m[K^~~~~~~~~~~~~~~~~~~~~~~~~~[m[K
[6.687s] compilation terminated.
[6.688s] gmake[2]: *** [CMakeFiles/talker_listener.dir/build.make:76: CMakeFiles/talker_listener.dir/src/talker_listener.cpp.o] Error 1
[6.688s] gmake[1]: *** [CMakeFiles/Makefile2:137: CMakeFiles/talker_listener.dir/all] Error 2
[6.689s] gmake: *** [Makefile:146: all] Error 2
[6.690s] Invoked command in '/home/collapsar/ws/build/example' returned '2': CMAKE_PREFIX_PATH=/opt/ros/humble /usr/bin/cmake --build /home/collapsar/ws/build/example -- -j32 -l32
