In file included from [01m[K/home/collapsar/ws/src/example/src/talker_listener.cpp:1[m[K:
[01m[K/home/collapsar/ws/src/example/include/topic/talker.hpp:10:6:[m[K [01;31m[Kerror: [m[Kexpected â€˜[01m[K;[m[Kâ€™ after class definition
   10 |     }
      |      [01;31m[K^[m[K
      |      [32m[K;[m[K
[01m[K/home/collapsar/ws/src/example/src/talker_listener.cpp:[m[K In function â€˜[01m[Kint main(int, char**)[m[Kâ€™:
[01m[K/home/collapsar/ws/src/example/src/talker_listener.cpp:5:14:[m[K [01;35m[Kwarning: [m[Kunused parameter â€˜[01m[Kargc[m[Kâ€™ [[01;35m[K]8;;https://gcc.gnu.org/onlinedocs/gcc/Warning-Options.html#index-Wunused-parameter-Wunused-parameter]8;;[m[K]
    5 | int main([01;35m[Kint argc[m[K,char **argv)
      |          [01;35m[K~~~~^~~~[m[K
[01m[K/home/collapsar/ws/src/example/src/talker_listener.cpp:5:26:[m[K [01;35m[Kwarning: [m[Kunused parameter â€˜[01m[Kargv[m[Kâ€™ [[01;35m[K]8;;https://gcc.gnu.org/onlinedocs/gcc/Warning-Options.html#index-Wunused-parameter-Wunused-parameter]8;;[m[K]
    5 | int main(int argc,[01;35m[Kchar **argv[m[K)
      |                   [01;35m[K~~~~~~~^~~~[m[K
gmake[2]: *** [CMakeFiles/talker_listener.dir/build.make:76: CMakeFiles/talker_listener.dir/src/talker_listener.cpp.o] Error 1
gmake[1]: *** [CMakeFiles/Makefile2:137: CMakeFiles/talker_listener.dir/all] Error 2
gmake: *** [Makefile:146: all] Error 2
